<?xml version="1.0" encoding="UTF-8"?>
<testsuite xmlns:xsi="http://www.w3.org/2001/XMLSchema-instance" xsi:noNamespaceSchemaLocation="https://maven.apache.org/surefire/maven-surefire-plugin/xsd/surefire-test-report-3.0.xsd" version="3.0" name="com.diegohp.umd.renamer.logic.AppTest" time="0.016" tests="1" errors="0" skipped="0" failures="0">
  <properties>
    <property name="java.specification.version" value="21"/>
    <property name="sun.jnu.encoding" value="UTF-8"/>
    <property name="java.class.path" value="/Users/wolf003/UMD_FileRenamer/target/test-classes:/Users/wolf003/UMD_FileRenamer/target/classes:/Users/wolf003/.m2/repository/com/google/code/findbugs/jsr305/3.0.2/jsr305-3.0.2.jar:/Users/wolf003/.m2/repository/biz/aQute/bnd/biz.aQute.bndlib/7.0.0/biz.aQute.bndlib-7.0.0.jar:/Users/wolf003/.m2/repository/org/osgi/org.osgi.dto/1.0.0/org.osgi.dto-1.0.0.jar:/Users/wolf003/.m2/repository/org/osgi/org.osgi.resource/1.0.0/org.osgi.resource-1.0.0.jar:/Users/wolf003/.m2/repository/org/osgi/org.osgi.framework/1.8.0/org.osgi.framework-1.8.0.jar:/Users/wolf003/.m2/repository/org/osgi/org.osgi.util.tracker/1.5.4/org.osgi.util.tracker-1.5.4.jar:/Users/wolf003/.m2/repository/org/osgi/osgi.annotation/8.0.1/osgi.annotation-8.0.1.jar:/Users/wolf003/.m2/repository/org/osgi/org.osgi.service.log/1.3.0/org.osgi.service.log-1.3.0.jar:/Users/wolf003/.m2/repository/org/osgi/org.osgi.service.repository/1.1.0/org.osgi.service.repository-1.1.0.jar:/Users/wolf003/.m2/repository/org/osgi/org.osgi.util.function/1.2.0/org.osgi.util.function-1.2.0.jar:/Users/wolf003/.m2/repository/org/osgi/org.osgi.util.promise/1.2.0/org.osgi.util.promise-1.2.0.jar:/Users/wolf003/.m2/repository/biz/aQute/bnd/biz.aQute.bnd.util/7.0.0/biz.aQute.bnd.util-7.0.0.jar:/Users/wolf003/.m2/repository/org/slf4j/slf4j-api/1.7.25/slf4j-api-1.7.25.jar:/Users/wolf003/.m2/repository/org/jetbrains/annotations/24.1.0/annotations-24.1.0.jar:/Users/wolf003/.m2/repository/com/apple/AppleJavaExtensions/1.4/AppleJavaExtensions-1.4.jar:/Users/wolf003/.m2/repository/junit/junit/4.13.2/junit-4.13.2.jar:/Users/wolf003/.m2/repository/org/hamcrest/hamcrest-core/1.3/hamcrest-core-1.3.jar:/Users/wolf003/.m2/repository/org/swinglabs/swing-layout/1.0.3/swing-layout-1.0.3.jar:/Users/wolf003/.m2/repository/org/bolet/jgz/0.2/jgz-0.2.jar:/Users/wolf003/.m2/repository/org/apache/logging/log4j/log4j-core/2.22.1/log4j-core-2.22.1.jar:/Users/wolf003/.m2/repository/org/apache/logging/log4j/log4j-api/2.22.1/log4j-api-2.22.1.jar:"/>
    <property name="java.vm.vendor" value="Homebrew"/>
    <property name="sun.arch.data.model" value="64"/>
    <property name="java.vendor.url" value="https://github.com/Homebrew/homebrew-core/issues"/>
    <property name="os.name" value="Mac OS X"/>
    <property name="java.vm.specification.version" value="21"/>
    <property name="sun.java.launcher" value="SUN_STANDARD"/>
    <property name="user.country" value="BE"/>
    <property name="sun.boot.library.path" value="/opt/homebrew/Cellar/openjdk/21.0.1/libexec/openjdk.jdk/Contents/Home/lib"/>
    <property name="sun.java.command" value="/Users/wolf003/UMD_FileRenamer/target/surefire/surefirebooter-20240205053801495_3.jar /Users/wolf003/UMD_FileRenamer/target/surefire 2024-02-05T05-38-01_454-jvmRun1 surefire-20240205053801495_1tmp surefire_0-20240205053801495_2tmp"/>
    <property name="http.nonProxyHosts" value="local|*.local|169.254/16|*.169.254/16"/>
    <property name="jdk.debug" value="release"/>
    <property name="surefire.test.class.path" value="/Users/wolf003/UMD_FileRenamer/target/test-classes:/Users/wolf003/UMD_FileRenamer/target/classes:/Users/wolf003/.m2/repository/com/google/code/findbugs/jsr305/3.0.2/jsr305-3.0.2.jar:/Users/wolf003/.m2/repository/biz/aQute/bnd/biz.aQute.bndlib/7.0.0/biz.aQute.bndlib-7.0.0.jar:/Users/wolf003/.m2/repository/org/osgi/org.osgi.dto/1.0.0/org.osgi.dto-1.0.0.jar:/Users/wolf003/.m2/repository/org/osgi/org.osgi.resource/1.0.0/org.osgi.resource-1.0.0.jar:/Users/wolf003/.m2/repository/org/osgi/org.osgi.framework/1.8.0/org.osgi.framework-1.8.0.jar:/Users/wolf003/.m2/repository/org/osgi/org.osgi.util.tracker/1.5.4/org.osgi.util.tracker-1.5.4.jar:/Users/wolf003/.m2/repository/org/osgi/osgi.annotation/8.0.1/osgi.annotation-8.0.1.jar:/Users/wolf003/.m2/repository/org/osgi/org.osgi.service.log/1.3.0/org.osgi.service.log-1.3.0.jar:/Users/wolf003/.m2/repository/org/osgi/org.osgi.service.repository/1.1.0/org.osgi.service.repository-1.1.0.jar:/Users/wolf003/.m2/repository/org/osgi/org.osgi.util.function/1.2.0/org.osgi.util.function-1.2.0.jar:/Users/wolf003/.m2/repository/org/osgi/org.osgi.util.promise/1.2.0/org.osgi.util.promise-1.2.0.jar:/Users/wolf003/.m2/repository/biz/aQute/bnd/biz.aQute.bnd.util/7.0.0/biz.aQute.bnd.util-7.0.0.jar:/Users/wolf003/.m2/repository/org/slf4j/slf4j-api/1.7.25/slf4j-api-1.7.25.jar:/Users/wolf003/.m2/repository/org/jetbrains/annotations/24.1.0/annotations-24.1.0.jar:/Users/wolf003/.m2/repository/com/apple/AppleJavaExtensions/1.4/AppleJavaExtensions-1.4.jar:/Users/wolf003/.m2/repository/junit/junit/4.13.2/junit-4.13.2.jar:/Users/wolf003/.m2/repository/org/hamcrest/hamcrest-core/1.3/hamcrest-core-1.3.jar:/Users/wolf003/.m2/repository/org/swinglabs/swing-layout/1.0.3/swing-layout-1.0.3.jar:/Users/wolf003/.m2/repository/org/bolet/jgz/0.2/jgz-0.2.jar:/Users/wolf003/.m2/repository/org/apache/logging/log4j/log4j-core/2.22.1/log4j-core-2.22.1.jar:/Users/wolf003/.m2/repository/org/apache/logging/log4j/log4j-api/2.22.1/log4j-api-2.22.1.jar:"/>
    <property name="sun.cpu.endian" value="little"/>
    <property name="user.home" value="/Users/wolf003"/>
    <property name="user.language" value="en"/>
    <property name="java.specification.vendor" value="Oracle Corporation"/>
    <property name="java.version.date" value="2023-10-17"/>
    <property name="java.home" value="/opt/homebrew/Cellar/openjdk/21.0.1/libexec/openjdk.jdk/Contents/Home"/>
    <property name="file.separator" value="/"/>
    <property name="basedir" value="/Users/wolf003/UMD_FileRenamer"/>
    <property name="java.vm.compressedOopsMode" value="Zero based"/>
    <property name="line.separator" value="&#10;"/>
    <property name="java.vm.specification.vendor" value="Oracle Corporation"/>
    <property name="java.specification.name" value="Java Platform API Specification"/>
    <property name="apple.awt.application.name" value="ForkedBooter"/>
    <property name="surefire.real.class.path" value="/Users/wolf003/UMD_FileRenamer/target/surefire/surefirebooter-20240205053801495_3.jar"/>
    <property name="sun.management.compiler" value="HotSpot 64-Bit Tiered Compilers"/>
    <property name="ftp.nonProxyHosts" value="local|*.local|169.254/16|*.169.254/16"/>
    <property name="java.runtime.version" value="21.0.1"/>
    <property name="user.name" value="wolf003"/>
    <property name="stdout.encoding" value="UTF-8"/>
    <property name="path.separator" value=":"/>
    <property name="os.version" value="14.3"/>
    <property name="java.runtime.name" value="OpenJDK Runtime Environment"/>
    <property name="file.encoding" value="UTF-8"/>
    <property name="java.vm.name" value="OpenJDK 64-Bit Server VM"/>
    <property name="java.vendor.version" value="Homebrew"/>
    <property name="localRepository" value="/Users/wolf003/.m2/repository"/>
    <property name="java.vendor.url.bug" value="https://github.com/Homebrew/homebrew-core/issues"/>
    <property name="java.io.tmpdir" value="/var/folders/19/4vb6c87n23l0c37wnxx6qyw80000gp/T/"/>
    <property name="idea.version" value="2023.3.3"/>
    <property name="java.version" value="21.0.1"/>
    <property name="user.dir" value="/Users/wolf003/UMD_FileRenamer"/>
    <property name="os.arch" value="aarch64"/>
    <property name="java.vm.specification.name" value="Java Virtual Machine Specification"/>
    <property name="native.encoding" value="UTF-8"/>
    <property name="java.library.path" value="/Users/wolf003/Library/Java/Extensions:/Library/Java/Extensions:/Network/Library/Java/Extensions:/System/Library/Java/Extensions:/usr/lib/java:."/>
    <property name="java.vm.info" value="mixed mode, sharing"/>
    <property name="stderr.encoding" value="UTF-8"/>
    <property name="java.vendor" value="Homebrew"/>
    <property name="java.vm.version" value="21.0.1"/>
    <property name="sun.io.unicode.encoding" value="UnicodeBig"/>
    <property name="socksNonProxyHosts" value="local|*.local|169.254/16|*.169.254/16"/>
    <property name="java.class.version" value="65.0"/>
  </properties>
  <testcase name="testApp" classname="com.diegohp.umd.renamer.logic.AppTest" time="0.002"/>
</testsuite>